[debug] [2025-01-13T20:04:00.238Z] ----------------------------------------------------------------------
[debug] [2025-01-13T20:04:00.244Z] Command:       C:\Program Files\nodejs\node.exe C:\Users\msi\AppData\Roaming\npm\node_modules\firebase-tools\lib\bin\firebase.js init
[debug] [2025-01-13T20:04:00.244Z] CLI Version:   13.29.1
[debug] [2025-01-13T20:04:00.245Z] Platform:      win32
[debug] [2025-01-13T20:04:00.245Z] Node Version:  v20.6.1
[debug] [2025-01-13T20:04:00.245Z] Time:          Tue Jan 14 2025 02:04:00 GMT+0600 (Bangladesh Standard Time)
[debug] [2025-01-13T20:04:00.245Z] ----------------------------------------------------------------------
[debug] 
[debug] [2025-01-13T20:04:00.398Z] > command requires scopes: ["email","openid","https://www.googleapis.com/auth/cloudplatformprojects.readonly","https://www.googleapis.com/auth/firebase","https://www.googleapis.com/auth/cloud-platform"]
[debug] [2025-01-13T20:04:00.400Z] > authorizing via signed-in user (rhnshariar@gmail.com)
[info] 
     ######## #### ########  ######## ########     ###     ######  ########
     ##        ##  ##     ## ##       ##     ##  ##   ##  ##       ##
     ######    ##  ########  ######   ########  #########  ######  ######
     ##        ##  ##    ##  ##       ##     ## ##     ##       ## ##
     ##       #### ##     ## ######## ########  ##     ##  ######  ########

You're about to initialize a Firebase project in this directory:

  D:\Projects\shizuka-industries-client

Before we get started, keep in mind:

  * You are initializing within an existing Firebase project directory

[info] 
=== Project Setup
[info] 
[info] First, let's associate this project directory with a Firebase project.
[info] You can create multiple project aliases by running firebase use --add, 
[info] but for now we'll just set up a default project.
[info] 
[debug] [2025-01-13T20:04:58.183Z] Using project from CLI flag: shizuka-industry
[debug] [2025-01-13T20:04:58.186Z] Checked if tokens are valid: true, expires at: 1736802102881
[debug] [2025-01-13T20:04:58.186Z] Checked if tokens are valid: true, expires at: 1736802102881
[debug] [2025-01-13T20:04:58.190Z] >>> [apiv2][query] GET https://firebase.googleapis.com/v1beta1/projects/shizuka-industry [none]
[debug] [2025-01-13T20:04:59.272Z] <<< [apiv2][status] GET https://firebase.googleapis.com/v1beta1/projects/shizuka-industry 200
[debug] [2025-01-13T20:04:59.272Z] <<< [apiv2][body] GET https://firebase.googleapis.com/v1beta1/projects/shizuka-industry {"projectId":"shizuka-industry","projectNumber":"787990433890","displayName":"shizuka-industry","name":"projects/shizuka-industry","resources":{"hostingSite":"shizuka-industry"},"state":"ACTIVE","etag":"1_a136caa8-aecb-435c-8dc7-e878d6fc173c"}
[info] i  Using project shizuka-industry (shizuka-industry) 
[info] 
=== Hosting Setup
[debug] [2025-01-13T20:04:59.321Z] Checked if tokens are valid: true, expires at: 1736802102881
[debug] [2025-01-13T20:04:59.322Z] Checked if tokens are valid: true, expires at: 1736802102881
[debug] [2025-01-13T20:04:59.322Z] >>> [apiv2][query] GET https://firebase.googleapis.com/v1beta1/projects/shizuka-industry [none]
[debug] [2025-01-13T20:04:59.939Z] <<< [apiv2][status] GET https://firebase.googleapis.com/v1beta1/projects/shizuka-industry 200
[debug] [2025-01-13T20:04:59.939Z] <<< [apiv2][body] GET https://firebase.googleapis.com/v1beta1/projects/shizuka-industry {"projectId":"shizuka-industry","projectNumber":"787990433890","displayName":"shizuka-industry","name":"projects/shizuka-industry","resources":{"hostingSite":"shizuka-industry"},"state":"ACTIVE","etag":"1_a136caa8-aecb-435c-8dc7-e878d6fc173c"}
[info] 
[info] Your public directory is the folder (relative to your project directory) that
[info] will contain Hosting assets to be uploaded with firebase deploy. If you
[info] have a build process for your assets, use your build's output directory.
[info] 
[debug] [2025-01-13T20:06:16.741Z] >>> [apiv2][query] GET https://www.gstatic.com/firebasejs/releases.json [none]
[debug] [2025-01-13T20:06:17.072Z] <<< [apiv2][status] GET https://www.gstatic.com/firebasejs/releases.json 200
[debug] [2025-01-13T20:06:17.073Z] <<< [apiv2][body] GET https://www.gstatic.com/firebasejs/releases.json {"current":{"version":"11.1.0","browserURL":"https://www.gstatic.com/firebasejs/11.1.0/firebase.js","packageURL":"https://www.gstatic.com/firebasejs/11.1.0/firebase.tgz"},"live":{"version":"11.1","browserURL":"https://www.gstatic.com/firebasejs/live/11.1/firebase.js","packageURL":"https://www.gstatic.com/firebasejs/live/11.1/firebase.tgz"},"components":{"analytics":"https://www.gstatic.com/firebasejs/11.1.0/firebase-analytics.js","app":"https://www.gstatic.com/firebasejs/11.1.0/firebase-app.js","app-check":"https://www.gstatic.com/firebasejs/11.1.0/firebase-app-check.js","auth":"https://www.gstatic.com/firebasejs/11.1.0/firebase-auth.js","auth/cordova":"https://www.gstatic.com/firebasejs/11.1.0/firebase-auth/cordova.js","auth/web-extension":"https://www.gstatic.com/firebasejs/11.1.0/firebase-auth/web-extension.js","functions":"https://www.gstatic.com/firebasejs/11.1.0/firebase-functions.js","firestore":"https://www.gstatic.com/firebasejs/11.1.0/firebase-firestore.js","firestore/lite":"https://www.gstatic.com/firebasejs/11.1.0/firebase-firestore/lite.js","installations":"https://www.gstatic.com/firebasejs/11.1.0/firebase-installations.js","storage":"https://www.gstatic.com/firebasejs/11.1.0/firebase-storage.js","performance":"https://www.gstatic.com/firebasejs/11.1.0/firebase-performance.js","remote-config":"https://www.gstatic.com/firebasejs/11.1.0/firebase-remote-config.js","messaging":"https://www.gstatic.com/firebasejs/11.1.0/firebase-messaging.js","messaging/sw":"https://www.gstatic.com/firebasejs/11.1.0/firebase-messaging/sw.js","database":"https://www.gstatic.com/firebasejs/11.1.0/firebase-database.js","vertexai":"https://www.gstatic.com/firebasejs/11.1.0/firebase-vertexai.js","data-connect":"https://www.gstatic.com/firebasejs/11.1.0/firebase-data-connect.js","firestore.memory":"https://www.gstatic.com/firebasejs/11.1.0/firebase-firestore.memory.js"}}
[info] i  public/index.html is unchanged 
[info] 
[info] i  Detected a .git folder at D:\Projects\shizuka-industries-client 
[info] i  Authorizing with GitHub to upload your service account to a GitHub repository's secrets store. 
[info] 
[info] Visit this URL on this device to log in:
[info] https://github.com/login/oauth/authorize?client_id=89cf50f02ac6aaed3484&state=1008141060&redirect_uri=http%3A%2F%2Flocalhost%3A9005&scope=read%3Auser%20repo%20public_repo
[info] 
[info] Waiting for authentication...
[debug] [2025-01-13T20:06:18.294Z] >>> [apiv2][query] POST https://github.com/login/oauth/access_token [none]
[debug] [2025-01-13T20:06:18.295Z] >>> [apiv2][body] POST https://github.com/login/oauth/access_token [stream]
[debug] [2025-01-13T20:06:19.176Z] <<< [apiv2][status] POST https://github.com/login/oauth/access_token 200
[debug] [2025-01-13T20:06:19.177Z] <<< [apiv2][body] POST https://github.com/login/oauth/access_token {"access_token":"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","token_type":"bearer","scope":"read:user,repo"}
[debug] [2025-01-13T20:06:19.188Z] >>> [apiv2][query] GET https://api.github.com/user [none]
[debug] [2025-01-13T20:06:20.158Z] <<< [apiv2][status] GET https://api.github.com/user 200
[debug] [2025-01-13T20:06:20.158Z] <<< [apiv2][body] GET https://api.github.com/user {"login":"RohanSha05","id":97019758,"node_id":"U_kgDOBchnbg","avatar_url":"https://avatars.githubusercontent.com/u/97019758?v=4","gravatar_id":"","url":"https://api.github.com/users/RohanSha05","html_url":"https://github.com/RohanSha05","followers_url":"https://api.github.com/users/RohanSha05/followers","following_url":"https://api.github.com/users/RohanSha05/following{/other_user}","gists_url":"https://api.github.com/users/RohanSha05/gists{/gist_id}","starred_url":"https://api.github.com/users/RohanSha05/starred{/owner}{/repo}","subscriptions_url":"https://api.github.com/users/RohanSha05/subscriptions","organizations_url":"https://api.github.com/users/RohanSha05/orgs","repos_url":"https://api.github.com/users/RohanSha05/repos","events_url":"https://api.github.com/users/RohanSha05/events{/privacy}","received_events_url":"https://api.github.com/users/RohanSha05/received_events","type":"User","user_view_type":"private","site_admin":false,"name":"Rohan Shariar","company":null,"blog":"https://dev-rafat-shariar.netlify.app/","location":"Bangladesh","email":null,"hireable":null,"bio":"I’m a MERN stack web developer. I am also a programmer. I know programming languages like C/C++, Javascript, Python and others. I also learnt DS and algorithm","twitter_username":null,"notification_email":null,"public_repos":40,"public_gists":0,"followers":1,"following":2,"created_at":"2022-01-03T08:27:35Z","updated_at":"2025-01-07T16:54:06Z","private_gists":0,"total_private_repos":0,"owned_private_repos":0,"disk_usage":139120,"collaborators":0,"two_factor_authentication":true,"plan":{"name":"pro","space":976562499,"collaborators":0,"private_repos":9999}}
[info] 
[info] +  Success! Logged into GitHub as RohanSha05 
[info] 
[debug] [2025-01-13T20:06:27.533Z] >>> [apiv2][query] GET https://api.github.com/repos//actions/secrets/public-key type=owner
[debug] [2025-01-13T20:06:28.543Z] <<< [apiv2][status] GET https://api.github.com/repos//actions/secrets/public-key 404
[debug] [2025-01-13T20:06:28.543Z] <<< [apiv2][body] GET https://api.github.com/repos//actions/secrets/public-key {"message":"Not Found","documentation_url":"https://docs.github.com/rest","status":"404"}
[info] 
[info] 
[error] !  The provided authorization cannot be used with this repository. If this repository is in an organization, did you remember to grant access? 
[info] 
[info] i  Action required: Visit this URL to ensure access has been granted to the appropriate organization(s) for the Firebase CLI GitHub OAuth App: 
[info] https://github.com/settings/connections/applications/89cf50f02ac6aaed3484
[info] 
[debug] [2025-01-13T20:06:30.602Z] >>> [apiv2][query] GET https://api.github.com/repos//actions/secrets/public-key type=owner
[debug] [2025-01-13T20:06:31.415Z] <<< [apiv2][status] GET https://api.github.com/repos//actions/secrets/public-key 404
[debug] [2025-01-13T20:06:31.415Z] <<< [apiv2][body] GET https://api.github.com/repos//actions/secrets/public-key {"message":"Not Found","documentation_url":"https://docs.github.com/rest","status":"404"}
[info] 
[info] 
[error] !  The provided authorization cannot be used with this repository. If this repository is in an organization, did you remember to grant access? 
[info] 
[info] i  Action required: Visit this URL to ensure access has been granted to the appropriate organization(s) for the Firebase CLI GitHub OAuth App: 
[info] https://github.com/settings/connections/applications/89cf50f02ac6aaed3484
[info] 
[debug] [2025-01-13T20:06:42.957Z] >>> [apiv2][query] GET https://api.github.com/repos/repository/actions/secrets/public-key type=owner
[debug] [2025-01-13T20:06:43.637Z] <<< [apiv2][status] GET https://api.github.com/repos/repository/actions/secrets/public-key 404
[debug] [2025-01-13T20:06:43.637Z] <<< [apiv2][body] GET https://api.github.com/repos/repository/actions/secrets/public-key {"message":"Not Found","documentation_url":"https://docs.github.com/rest","status":"404"}
[info] 
[info] 
[error] !  The provided authorization cannot be used with this repository. If this repository is in an organization, did you remember to grant access? 
[info] 
[info] i  Action required: Visit this URL to ensure access has been granted to the appropriate organization(s) for the Firebase CLI GitHub OAuth App: 
[info] https://github.com/settings/connections/applications/89cf50f02ac6aaed3484
[info] 
[debug] [2025-01-13T20:06:56.135Z] >>> [apiv2][query] GET https://api.github.com/repos/repository/actions/secrets/public-key type=owner
[debug] [2025-01-13T20:06:56.733Z] <<< [apiv2][status] GET https://api.github.com/repos/repository/actions/secrets/public-key 404
[debug] [2025-01-13T20:06:56.733Z] <<< [apiv2][body] GET https://api.github.com/repos/repository/actions/secrets/public-key {"message":"Not Found","documentation_url":"https://docs.github.com/rest","status":"404"}
[info] 
[info] 
[error] !  The provided authorization cannot be used with this repository. If this repository is in an organization, did you remember to grant access? 
[info] 
[info] i  Action required: Visit this URL to ensure access has been granted to the appropriate organization(s) for the Firebase CLI GitHub OAuth App: 
[info] https://github.com/settings/connections/applications/89cf50f02ac6aaed3484
[info] 
[debug] [2025-01-13T20:06:59.915Z] >>> [apiv2][query] GET https://api.github.com/repos/repository/actions/secrets/public-key type=owner
[debug] [2025-01-13T20:07:00.381Z] <<< [apiv2][status] GET https://api.github.com/repos/repository/actions/secrets/public-key 404
[debug] [2025-01-13T20:07:00.381Z] <<< [apiv2][body] GET https://api.github.com/repos/repository/actions/secrets/public-key {"message":"Not Found","documentation_url":"https://docs.github.com/rest","status":"404"}
[info] 
[info] 
[error] !  The provided authorization cannot be used with this repository. If this repository is in an organization, did you remember to grant access? 
[info] 
[info] i  Action required: Visit this URL to ensure access has been granted to the appropriate organization(s) for the Firebase CLI GitHub OAuth App: 
[info] https://github.com/settings/connections/applications/89cf50f02ac6aaed3484
[info] 
[debug] [2025-01-13T20:07:00.408Z] >>> [apiv2][query] GET https://api.github.com/repos/repository/actions/secrets/public-key type=owner
[debug] [2025-01-13T20:07:00.831Z] <<< [apiv2][status] GET https://api.github.com/repos/repository/actions/secrets/public-key 404
[debug] [2025-01-13T20:07:00.831Z] <<< [apiv2][body] GET https://api.github.com/repos/repository/actions/secrets/public-key {"message":"Not Found","documentation_url":"https://docs.github.com/rest","status":"404"}
[info] 
[info] 
[error] !  The provided authorization cannot be used with this repository. If this repository is in an organization, did you remember to grant access? 
[info] 
[info] i  Action required: Visit this URL to ensure access has been granted to the appropriate organization(s) for the Firebase CLI GitHub OAuth App: 
[info] https://github.com/settings/connections/applications/89cf50f02ac6aaed3484
[info] 
[debug] [2025-01-13T20:07:01.864Z] >>> [apiv2][query] GET https://api.github.com/repos/repository/actions/secrets/public-key type=owner
[debug] [2025-01-13T20:07:02.436Z] <<< [apiv2][status] GET https://api.github.com/repos/repository/actions/secrets/public-key 404
[debug] [2025-01-13T20:07:02.436Z] <<< [apiv2][body] GET https://api.github.com/repos/repository/actions/secrets/public-key {"message":"Not Found","documentation_url":"https://docs.github.com/rest","status":"404"}
[info] 
[info] 
[error] !  The provided authorization cannot be used with this repository. If this repository is in an organization, did you remember to grant access? 
[info] 
[info] i  Action required: Visit this URL to ensure access has been granted to the appropriate organization(s) for the Firebase CLI GitHub OAuth App: 
[info] https://github.com/settings/connections/applications/89cf50f02ac6aaed3484
[info] 
